<?xml version="1.0" encoding="UTF-8"?>
<!-- Generated by org.testng.reporters.JUnitXMLReporter -->
<testsuite hostname="imransk-PC" name="HomePgSc1" tests="5" failures="1" timestamp="13 Jan 2020 10:34:52 GMT" time="37.821" errors="0">
  <testcase name="basePageNavigationSc1M1" time="0.085" classname="qaacademy.HomePageScenario1"/>
  <testcase name="basePageNavigationSc1M2" time="0.032" classname="qaacademy.HomePageScenario1">
    <failure type="java.lang.AssertionError" message="expected [FEATURED COURSES123] but found [FEATURED COURSES]">
      <![CDATA[java.lang.AssertionError: expected [FEATURED COURSES123] but found [FEATURED COURSES]
	at qaacademy.HomePageScenario1.basePageNavigationSc1M2(HomePageScenario1.java:48)
	at org.apache.maven.surefire.testng.TestNGExecutor.run(TestNGExecutor.java:283)
	at org.apache.maven.surefire.testng.TestNGXmlTestSuite.execute(TestNGXmlTestSuite.java:75)
	at org.apache.maven.surefire.testng.TestNGProvider.invoke(TestNGProvider.java:120)
	at org.apache.maven.surefire.booter.ForkedBooter.runSuitesInProcess(ForkedBooter.java:377)
	at org.apache.maven.surefire.booter.ForkedBooter.execute(ForkedBooter.java:138)
	at org.apache.maven.surefire.booter.ForkedBooter.run(ForkedBooter.java:465)
	at org.apache.maven.surefire.booter.ForkedBooter.main(ForkedBooter.java:451)
... Removed 26 stack frames]]>
    </failure>
  </testcase> <!-- basePageNavigationSc1M2 -->
  <testcase name="basePageNavigationSc1M3" time="9.549" classname="qaacademy.HomePageScenario1"/>
  <testcase name="basePageNavigationSc1M3" time="5.83" classname="qaacademy.HomePageScenario1"/>
  <testcase name="basePageNavigationSc1M3" time="13.341" classname="qaacademy.HomePageScenario1"/>
</testsuite> <!-- HomePgSc1 -->
