<?xml version="1.0" encoding="UTF-8"?>
<testng-results skipped="0" failed="2" total="7" passed="5">
  <reporter-output>
  </reporter-output>
  <suite name="TestSuiteQAAcademy" duration-ms="52195" started-at="2020-01-13T10:34:14Z" finished-at="2020-01-13T10:35:06Z">
    <groups>
    </groups>
    <test name="HomePgSc1" duration-ms="37821" started-at="2020-01-13T10:34:14Z" finished-at="2020-01-13T10:34:52Z">
      <class name="qaacademy.HomePageScenario1">
        <test-method status="PASS" signature="initialize()[pri:0, instance:qaacademy.HomePageScenario1@79ca92b9]" name="initialize" is-config="true" duration-ms="8115" started-at="2020-01-13T16:04:14Z" finished-at="2020-01-13T16:04:22Z">
          <reporter-output>
          </reporter-output>
        </test-method> <!-- initialize -->
        <test-method status="PASS" signature="basePageNavigationSc1M1()[pri:0, instance:qaacademy.HomePageScenario1@79ca92b9]" name="basePageNavigationSc1M1" duration-ms="85" started-at="2020-01-13T16:04:22Z" finished-at="2020-01-13T16:04:22Z">
          <reporter-output>
          </reporter-output>
        </test-method> <!-- basePageNavigationSc1M1 -->
        <test-method status="FAIL" signature="basePageNavigationSc1M2()[pri:0, instance:qaacademy.HomePageScenario1@79ca92b9]" name="basePageNavigationSc1M2" duration-ms="32" started-at="2020-01-13T16:04:22Z" finished-at="2020-01-13T16:04:22Z">
          <exception class="java.lang.AssertionError">
            <message>
              <![CDATA[expected [FEATURED COURSES123] but found [FEATURED COURSES]]]>
            </message>
            <full-stacktrace>
              <![CDATA[java.lang.AssertionError: expected [FEATURED COURSES123] but found [FEATURED COURSES]
	at org.testng.Assert.fail(Assert.java:94)
	at org.testng.Assert.failNotEquals(Assert.java:494)
	at org.testng.Assert.assertEquals(Assert.java:123)
	at org.testng.Assert.assertEquals(Assert.java:176)
	at org.testng.Assert.assertEquals(Assert.java:186)
	at qaacademy.HomePageScenario1.basePageNavigationSc1M2(HomePageScenario1.java:48)
	at sun.reflect.NativeMethodAccessorImpl.invoke0(Native Method)
	at sun.reflect.NativeMethodAccessorImpl.invoke(NativeMethodAccessorImpl.java:62)
	at sun.reflect.DelegatingMethodAccessorImpl.invoke(DelegatingMethodAccessorImpl.java:43)
	at java.lang.reflect.Method.invoke(Method.java:483)
	at org.testng.internal.MethodInvocationHelper.invokeMethod(MethodInvocationHelper.java:80)
	at org.testng.internal.Invoker.invokeMethod(Invoker.java:714)
	at org.testng.internal.Invoker.invokeTestMethod(Invoker.java:901)
	at org.testng.internal.Invoker.invokeTestMethods(Invoker.java:1231)
	at org.testng.internal.TestMethodWorker.invokeTestMethods(TestMethodWorker.java:127)
	at org.testng.internal.TestMethodWorker.run(TestMethodWorker.java:111)
	at org.testng.TestRunner.privateRun(TestRunner.java:767)
	at org.testng.TestRunner.run(TestRunner.java:617)
	at org.testng.SuiteRunner.runTest(SuiteRunner.java:334)
	at org.testng.SuiteRunner.runSequentially(SuiteRunner.java:329)
	at org.testng.SuiteRunner.privateRun(SuiteRunner.java:291)
	at org.testng.SuiteRunner.run(SuiteRunner.java:240)
	at org.testng.SuiteRunnerWorker.runSuite(SuiteRunnerWorker.java:52)
	at org.testng.SuiteRunnerWorker.run(SuiteRunnerWorker.java:86)
	at org.testng.TestNG.runSuitesSequentially(TestNG.java:1198)
	at org.testng.TestNG.runSuitesLocally(TestNG.java:1123)
	at org.testng.TestNG.run(TestNG.java:1031)
	at org.apache.maven.surefire.testng.TestNGExecutor.run(TestNGExecutor.java:283)
	at org.apache.maven.surefire.testng.TestNGXmlTestSuite.execute(TestNGXmlTestSuite.java:75)
	at org.apache.maven.surefire.testng.TestNGProvider.invoke(TestNGProvider.java:120)
	at org.apache.maven.surefire.booter.ForkedBooter.runSuitesInProcess(ForkedBooter.java:377)
	at org.apache.maven.surefire.booter.ForkedBooter.execute(ForkedBooter.java:138)
	at org.apache.maven.surefire.booter.ForkedBooter.run(ForkedBooter.java:465)
	at org.apache.maven.surefire.booter.ForkedBooter.main(ForkedBooter.java:451)
]]>
            </full-stacktrace>
          </exception> <!-- java.lang.AssertionError -->
          <reporter-output>
          </reporter-output>
        </test-method> <!-- basePageNavigationSc1M2 -->
        <test-method status="PASS" signature="basePageNavigationSc1M3(java.lang.String, java.lang.String, java.lang.String)[pri:0, instance:qaacademy.HomePageScenario1@79ca92b9]" name="basePageNavigationSc1M3" duration-ms="9549" started-at="2020-01-13T16:04:23Z" data-provider="getDataSc1" finished-at="2020-01-13T16:04:33Z">
          <params>
            <param index="0">
              <value>
                <![CDATA[masiullah@gmail.com]]>
              </value>
            </param>
            <param index="1">
              <value>
                <![CDATA[password]]>
              </value>
            </param>
            <param index="2">
              <value>
                <![CDATA[restrictedUser1]]>
              </value>
            </param>
          </params>
          <reporter-output>
          </reporter-output>
        </test-method> <!-- basePageNavigationSc1M3 -->
        <test-method status="PASS" signature="basePageNavigationSc1M3(java.lang.String, java.lang.String, java.lang.String)[pri:0, instance:qaacademy.HomePageScenario1@79ca92b9]" name="basePageNavigationSc1M3" duration-ms="5830" started-at="2020-01-13T16:04:33Z" data-provider="getDataSc1" finished-at="2020-01-13T16:04:39Z">
          <params>
            <param index="0">
              <value>
                <![CDATA[maseiullah.n@gmail.com]]>
              </value>
            </param>
            <param index="1">
              <value>
                <![CDATA[Career@b1]]>
              </value>
            </param>
            <param index="2">
              <value>
                <![CDATA[restrictedUser2]]>
              </value>
            </param>
          </params>
          <reporter-output>
          </reporter-output>
        </test-method> <!-- basePageNavigationSc1M3 -->
        <test-method status="PASS" signature="basePageNavigationSc1M3(java.lang.String, java.lang.String, java.lang.String)[pri:0, instance:qaacademy.HomePageScenario1@79ca92b9]" name="basePageNavigationSc1M3" duration-ms="13341" started-at="2020-01-13T16:04:39Z" data-provider="getDataSc1" finished-at="2020-01-13T16:04:52Z">
          <params>
            <param index="0">
              <value>
                <![CDATA[maseeullah.n@gmail.com]]>
              </value>
            </param>
            <param index="1">
              <value>
                <![CDATA[Career@b1]]>
              </value>
            </param>
            <param index="2">
              <value>
                <![CDATA[unRestrictedUser]]>
              </value>
            </param>
          </params>
          <reporter-output>
          </reporter-output>
        </test-method> <!-- basePageNavigationSc1M3 -->
        <test-method status="PASS" signature="close()[pri:0, instance:qaacademy.HomePageScenario1@79ca92b9]" name="close" is-config="true" duration-ms="146" started-at="2020-01-13T16:04:52Z" finished-at="2020-01-13T16:04:52Z">
          <reporter-output>
          </reporter-output>
        </test-method> <!-- close -->
      </class> <!-- qaacademy.HomePageScenario1 -->
    </test> <!-- HomePgSc1 -->
    <test name="HomePgSc2" duration-ms="14356" started-at="2020-01-13T10:34:52Z" finished-at="2020-01-13T10:35:06Z">
      <class name="qaacademy.HomePageScenario2">
        <test-method status="PASS" signature="initialize()[pri:0, instance:qaacademy.HomePageScenario2@7692d9cc]" name="initialize" is-config="true" duration-ms="6977" started-at="2020-01-13T16:04:52Z" finished-at="2020-01-13T16:04:59Z">
          <reporter-output>
          </reporter-output>
        </test-method> <!-- initialize -->
        <test-method status="PASS" signature="basePageNavigationSc2M1()[pri:0, instance:qaacademy.HomePageScenario2@7692d9cc]" name="basePageNavigationSc2M1" duration-ms="58" started-at="2020-01-13T16:04:59Z" finished-at="2020-01-13T16:04:59Z">
          <reporter-output>
          </reporter-output>
        </test-method> <!-- basePageNavigationSc2M1 -->
        <test-method status="FAIL" signature="basePageNavigationSc2M2(java.lang.String, java.lang.String, java.lang.String)[pri:0, instance:qaacademy.HomePageScenario2@7692d9cc]" name="basePageNavigationSc2M2" duration-ms="6961" started-at="2020-01-13T16:04:59Z" data-provider="getDataSc2" finished-at="2020-01-13T16:05:06Z">
          <params>
            <param index="0">
              <value>
                <![CDATA[farooqmughal@gmail.com]]>
              </value>
            </param>
            <param index="1">
              <value is-null="true"/>
            </param>
            <param index="2">
              <value>
                <![CDATA[restrictedUserFrq]]>
              </value>
            </param>
          </params>
          <exception class="java.lang.IllegalArgumentException">
            <message>
              <![CDATA[Keys to send should be a not null CharSequence]]>
            </message>
            <full-stacktrace>
              <![CDATA[java.lang.IllegalArgumentException: Keys to send should be a not null CharSequence
	at org.openqa.selenium.remote.RemoteWebElement.sendKeys(RemoteWebElement.java:97)
	at sun.reflect.NativeMethodAccessorImpl.invoke0(Native Method)
	at sun.reflect.NativeMethodAccessorImpl.invoke(NativeMethodAccessorImpl.java:62)
	at sun.reflect.DelegatingMethodAccessorImpl.invoke(DelegatingMethodAccessorImpl.java:43)
	at java.lang.reflect.Method.invoke(Method.java:483)
	at org.openqa.selenium.support.pagefactory.internal.LocatingElementHandler.invoke(LocatingElementHandler.java:51)
	at com.sun.proxy.$Proxy12.sendKeys(Unknown Source)
	at qaacademy.HomePageScenario2.basePageNavigationSc2M2(HomePageScenario2.java:54)
	at sun.reflect.NativeMethodAccessorImpl.invoke0(Native Method)
	at sun.reflect.NativeMethodAccessorImpl.invoke(NativeMethodAccessorImpl.java:62)
	at sun.reflect.DelegatingMethodAccessorImpl.invoke(DelegatingMethodAccessorImpl.java:43)
	at java.lang.reflect.Method.invoke(Method.java:483)
	at org.testng.internal.MethodInvocationHelper.invokeMethod(MethodInvocationHelper.java:80)
	at org.testng.internal.Invoker.invokeMethod(Invoker.java:714)
	at org.testng.internal.Invoker.invokeTestMethod(Invoker.java:901)
	at org.testng.internal.Invoker.invokeTestMethods(Invoker.java:1231)
	at org.testng.internal.TestMethodWorker.invokeTestMethods(TestMethodWorker.java:127)
	at org.testng.internal.TestMethodWorker.run(TestMethodWorker.java:111)
	at org.testng.TestRunner.privateRun(TestRunner.java:767)
	at org.testng.TestRunner.run(TestRunner.java:617)
	at org.testng.SuiteRunner.runTest(SuiteRunner.java:334)
	at org.testng.SuiteRunner.runSequentially(SuiteRunner.java:329)
	at org.testng.SuiteRunner.privateRun(SuiteRunner.java:291)
	at org.testng.SuiteRunner.run(SuiteRunner.java:240)
	at org.testng.SuiteRunnerWorker.runSuite(SuiteRunnerWorker.java:52)
	at org.testng.SuiteRunnerWorker.run(SuiteRunnerWorker.java:86)
	at org.testng.TestNG.runSuitesSequentially(TestNG.java:1198)
	at org.testng.TestNG.runSuitesLocally(TestNG.java:1123)
	at org.testng.TestNG.run(TestNG.java:1031)
	at org.apache.maven.surefire.testng.TestNGExecutor.run(TestNGExecutor.java:283)
	at org.apache.maven.surefire.testng.TestNGXmlTestSuite.execute(TestNGXmlTestSuite.java:75)
	at org.apache.maven.surefire.testng.TestNGProvider.invoke(TestNGProvider.java:120)
	at org.apache.maven.surefire.booter.ForkedBooter.runSuitesInProcess(ForkedBooter.java:377)
	at org.apache.maven.surefire.booter.ForkedBooter.execute(ForkedBooter.java:138)
	at org.apache.maven.surefire.booter.ForkedBooter.run(ForkedBooter.java:465)
	at org.apache.maven.surefire.booter.ForkedBooter.main(ForkedBooter.java:451)
]]>
            </full-stacktrace>
          </exception> <!-- java.lang.IllegalArgumentException -->
          <reporter-output>
          </reporter-output>
        </test-method> <!-- basePageNavigationSc2M2 -->
        <test-method status="PASS" signature="close()[pri:0, instance:qaacademy.HomePageScenario2@7692d9cc]" name="close" is-config="true" duration-ms="61" started-at="2020-01-13T16:05:06Z" finished-at="2020-01-13T16:05:06Z">
          <reporter-output>
          </reporter-output>
        </test-method> <!-- close -->
      </class> <!-- qaacademy.HomePageScenario2 -->
    </test> <!-- HomePgSc2 -->
  </suite> <!-- TestSuiteQAAcademy -->
</testng-results>
